<?xml version="1.0" encoding="UTF-8"?>
<!-- Generated by org.testng.reporters.JUnitReportReporter -->
<testsuite skipped="0" hostname="LAPTOP-4P97410U" name="com.sse.test.energy.PricesTariffTest2" tests="1" failures="0" timestamp="06 May 2018 08:53:24 GMT" time="0.030" errors="0">
  <testcase name="standingCharge" time="0.030" classname="com.sse.test.energy.PricesTariffTest2"/>
</testsuite> <!-- com.sse.test.energy.PricesTariffTest2 -->
